<?xml version="1.0" encoding="UTF-8"?>
<testsuite xmlns:xsi="http://www.w3.org/2001/XMLSchema-instance" xsi:noNamespaceSchemaLocation="https://maven.apache.org/surefire/maven-surefire-plugin/xsd/surefire-test-report.xsd" name="cn.edu.scnu.AppTest" time="0.018" tests="1" errors="0" skipped="0" failures="0">
  <properties>
    <property name="sun.desktop" value="windows"/>
    <property name="awt.toolkit" value="sun.awt.windows.WToolkit"/>
    <property name="file.encoding.pkg" value="sun.io"/>
    <property name="java.specification.version" value="1.8"/>
    <property name="sun.cpu.isalist" value="amd64"/>
    <property name="sun.jnu.encoding" value="GBK"/>
    <property name="java.class.path" value="C:\Users\86136\IdeaProjects\eureka-service\zuul-client\target\test-classes;C:\Users\86136\IdeaProjects\eureka-service\zuul-client\target\classes;C:\software\apache-maven-3.6.1\mvn_resp\commons-logging\commons-logging\1.2\commons-logging-1.2.jar;C:\software\apache-maven-3.6.1\mvn_resp\junit\junit\4.11\junit-4.11.jar;C:\software\apache-maven-3.6.1\mvn_resp\org\hamcrest\hamcrest-core\1.3\hamcrest-core-1.3.jar;C:\software\apache-maven-3.6.1\mvn_resp\org\springframework\cloud\spring-cloud-starter-eureka\1.4.0.RELEASE\spring-cloud-starter-eureka-1.4.0.RELEASE.jar;C:\software\apache-maven-3.6.1\mvn_resp\org\springframework\cloud\spring-cloud-starter-netflix-eureka-client\1.4.0.RELEASE\spring-cloud-starter-netflix-eureka-client-1.4.0.RELEASE.jar;C:\software\apache-maven-3.6.1\mvn_resp\org\springframework\boot\spring-boot-starter-web\1.5.9.RELEASE\spring-boot-starter-web-1.5.9.RELEASE.jar;C:\software\apache-maven-3.6.1\mvn_resp\org\springframework\boot\spring-boot-starter\1.5.9.RELEASE\spring-boot-starter-1.5.9.RELEASE.jar;C:\software\apache-maven-3.6.1\mvn_resp\org\springframework\boot\spring-boot-starter-logging\1.5.9.RELEASE\spring-boot-starter-logging-1.5.9.RELEASE.jar;C:\software\apache-maven-3.6.1\mvn_resp\ch\qos\logback\logback-classic\1.1.11\logback-classic-1.1.11.jar;C:\software\apache-maven-3.6.1\mvn_resp\ch\qos\logback\logback-core\1.1.11\logback-core-1.1.11.jar;C:\software\apache-maven-3.6.1\mvn_resp\org\slf4j\jcl-over-slf4j\1.7.25\jcl-over-slf4j-1.7.25.jar;C:\software\apache-maven-3.6.1\mvn_resp\org\slf4j\jul-to-slf4j\1.7.25\jul-to-slf4j-1.7.25.jar;C:\software\apache-maven-3.6.1\mvn_resp\org\slf4j\log4j-over-slf4j\1.7.25\log4j-over-slf4j-1.7.25.jar;C:\software\apache-maven-3.6.1\mvn_resp\org\springframework\spring-core\4.3.13.RELEASE\spring-core-4.3.13.RELEASE.jar;C:\software\apache-maven-3.6.1\mvn_resp\org\yaml\snakeyaml\1.17\snakeyaml-1.17.jar;C:\software\apache-maven-3.6.1\mvn_resp\org\springframework\boot\spring-boot-starter-tomcat\1.5.9.RELEASE\spring-boot-starter-tomcat-1.5.9.RELEASE.jar;C:\software\apache-maven-3.6.1\mvn_resp\org\apache\tomcat\embed\tomcat-embed-core\8.5.23\tomcat-embed-core-8.5.23.jar;C:\software\apache-maven-3.6.1\mvn_resp\org\apache\tomcat\tomcat-annotations-api\8.5.23\tomcat-annotations-api-8.5.23.jar;C:\software\apache-maven-3.6.1\mvn_resp\org\apache\tomcat\embed\tomcat-embed-el\8.5.23\tomcat-embed-el-8.5.23.jar;C:\software\apache-maven-3.6.1\mvn_resp\org\apache\tomcat\embed\tomcat-embed-websocket\8.5.23\tomcat-embed-websocket-8.5.23.jar;C:\software\apache-maven-3.6.1\mvn_resp\org\hibernate\hibernate-validator\5.3.6.Final\hibernate-validator-5.3.6.Final.jar;C:\software\apache-maven-3.6.1\mvn_resp\javax\validation\validation-api\1.1.0.Final\validation-api-1.1.0.Final.jar;C:\software\apache-maven-3.6.1\mvn_resp\org\jboss\logging\jboss-logging\3.3.1.Final\jboss-logging-3.3.1.Final.jar;C:\software\apache-maven-3.6.1\mvn_resp\com\fasterxml\classmate\1.3.4\classmate-1.3.4.jar;C:\software\apache-maven-3.6.1\mvn_resp\com\fasterxml\jackson\core\jackson-databind\2.8.10\jackson-databind-2.8.10.jar;C:\software\apache-maven-3.6.1\mvn_resp\org\springframework\spring-web\4.3.13.RELEASE\spring-web-4.3.13.RELEASE.jar;C:\software\apache-maven-3.6.1\mvn_resp\org\springframework\spring-aop\4.3.13.RELEASE\spring-aop-4.3.13.RELEASE.jar;C:\software\apache-maven-3.6.1\mvn_resp\org\springframework\spring-beans\4.3.13.RELEASE\spring-beans-4.3.13.RELEASE.jar;C:\software\apache-maven-3.6.1\mvn_resp\org\springframework\spring-context\4.3.13.RELEASE\spring-context-4.3.13.RELEASE.jar;C:\software\apache-maven-3.6.1\mvn_resp\org\springframework\spring-webmvc\4.3.13.RELEASE\spring-webmvc-4.3.13.RELEASE.jar;C:\software\apache-maven-3.6.1\mvn_resp\org\springframework\spring-expression\4.3.13.RELEASE\spring-expression-4.3.13.RELEASE.jar;C:\software\apache-maven-3.6.1\mvn_resp\org\springframework\cloud\spring-cloud-starter\1.3.0.RELEASE\spring-cloud-starter-1.3.0.RELEASE.jar;C:\software\apache-maven-3.6.1\mvn_resp\org\springframework\cloud\spring-cloud-context\1.3.0.RELEASE\spring-cloud-context-1.3.0.RELEASE.jar;C:\software\apache-maven-3.6.1\mvn_resp\org\springframework\security\spring-security-crypto\4.2.3.RELEASE\spring-security-crypto-4.2.3.RELEASE.jar;C:\software\apache-maven-3.6.1\mvn_resp\org\springframework\cloud\spring-cloud-commons\1.3.0.RELEASE\spring-cloud-commons-1.3.0.RELEASE.jar;C:\software\apache-maven-3.6.1\mvn_resp\org\springframework\security\spring-security-rsa\1.0.3.RELEASE\spring-security-rsa-1.0.3.RELEASE.jar;C:\software\apache-maven-3.6.1\mvn_resp\org\bouncycastle\bcpkix-jdk15on\1.55\bcpkix-jdk15on-1.55.jar;C:\software\apache-maven-3.6.1\mvn_resp\org\bouncycastle\bcprov-jdk15on\1.55\bcprov-jdk15on-1.55.jar;C:\software\apache-maven-3.6.1\mvn_resp\org\springframework\cloud\spring-cloud-netflix-core\1.4.0.RELEASE\spring-cloud-netflix-core-1.4.0.RELEASE.jar;C:\software\apache-maven-3.6.1\mvn_resp\org\springframework\boot\spring-boot\1.5.9.RELEASE\spring-boot-1.5.9.RELEASE.jar;C:\software\apache-maven-3.6.1\mvn_resp\org\springframework\boot\spring-boot-autoconfigure\1.5.9.RELEASE\spring-boot-autoconfigure-1.5.9.RELEASE.jar;C:\software\apache-maven-3.6.1\mvn_resp\org\springframework\cloud\spring-cloud-netflix-eureka-client\1.4.0.RELEASE\spring-cloud-netflix-eureka-client-1.4.0.RELEASE.jar;C:\software\apache-maven-3.6.1\mvn_resp\com\netflix\eureka\eureka-client\1.7.0\eureka-client-1.7.0.jar;C:\software\apache-maven-3.6.1\mvn_resp\org\codehaus\jettison\jettison\1.3.7\jettison-1.3.7.jar;C:\software\apache-maven-3.6.1\mvn_resp\stax\stax-api\1.0.1\stax-api-1.0.1.jar;C:\software\apache-maven-3.6.1\mvn_resp\com\netflix\netflix-commons\netflix-eventbus\0.3.0\netflix-eventbus-0.3.0.jar;C:\software\apache-maven-3.6.1\mvn_resp\com\netflix\netflix-commons\netflix-infix\0.3.0\netflix-infix-0.3.0.jar;C:\software\apache-maven-3.6.1\mvn_resp\commons-jxpath\commons-jxpath\1.3\commons-jxpath-1.3.jar;C:\software\apache-maven-3.6.1\mvn_resp\joda-time\joda-time\2.9.9\joda-time-2.9.9.jar;C:\software\apache-maven-3.6.1\mvn_resp\org\antlr\antlr-runtime\3.4\antlr-runtime-3.4.jar;C:\software\apache-maven-3.6.1\mvn_resp\org\antlr\stringtemplate\3.2.1\stringtemplate-3.2.1.jar;C:\software\apache-maven-3.6.1\mvn_resp\antlr\antlr\2.7.7\antlr-2.7.7.jar;C:\software\apache-maven-3.6.1\mvn_resp\com\google\code\gson\gson\2.8.2\gson-2.8.2.jar;C:\software\apache-maven-3.6.1\mvn_resp\org\apache\commons\commons-math\2.2\commons-math-2.2.jar;C:\software\apache-maven-3.6.1\mvn_resp\com\netflix\archaius\archaius-core\0.7.4\archaius-core-0.7.4.jar;C:\software\apache-maven-3.6.1\mvn_resp\javax\ws\rs\jsr311-api\1.1.1\jsr311-api-1.1.1.jar;C:\software\apache-maven-3.6.1\mvn_resp\com\netflix\servo\servo-core\0.10.1\servo-core-0.10.1.jar;C:\software\apache-maven-3.6.1\mvn_resp\com\netflix\servo\servo-internal\0.10.1\servo-internal-0.10.1.jar;C:\software\apache-maven-3.6.1\mvn_resp\com\sun\jersey\jersey-core\1.19.1\jersey-core-1.19.1.jar;C:\software\apache-maven-3.6.1\mvn_resp\com\sun\jersey\jersey-client\1.19.1\jersey-client-1.19.1.jar;C:\software\apache-maven-3.6.1\mvn_resp\com\sun\jersey\contribs\jersey-apache-client4\1.19.1\jersey-apache-client4-1.19.1.jar;C:\software\apache-maven-3.6.1\mvn_resp\org\apache\httpcomponents\httpclient\4.5.3\httpclient-4.5.3.jar;C:\software\apache-maven-3.6.1\mvn_resp\org\apache\httpcomponents\httpcore\4.4.8\httpcore-4.4.8.jar;C:\software\apache-maven-3.6.1\mvn_resp\commons-codec\commons-codec\1.10\commons-codec-1.10.jar;C:\software\apache-maven-3.6.1\mvn_resp\com\google\inject\guice\4.1.0\guice-4.1.0.jar;C:\software\apache-maven-3.6.1\mvn_resp\javax\inject\javax.inject\1\javax.inject-1.jar;C:\software\apache-maven-3.6.1\mvn_resp\aopalliance\aopalliance\1.0\aopalliance-1.0.jar;C:\software\apache-maven-3.6.1\mvn_resp\com\fasterxml\jackson\core\jackson-annotations\2.8.0\jackson-annotations-2.8.0.jar;C:\software\apache-maven-3.6.1\mvn_resp\com\fasterxml\jackson\core\jackson-core\2.8.10\jackson-core-2.8.10.jar;C:\software\apache-maven-3.6.1\mvn_resp\com\netflix\eureka\eureka-core\1.7.0\eureka-core-1.7.0.jar;C:\software\apache-maven-3.6.1\mvn_resp\org\codehaus\woodstox\woodstox-core-asl\4.4.1\woodstox-core-asl-4.4.1.jar;C:\software\apache-maven-3.6.1\mvn_resp\javax\xml\stream\stax-api\1.0-2\stax-api-1.0-2.jar;C:\software\apache-maven-3.6.1\mvn_resp\org\codehaus\woodstox\stax2-api\3.1.4\stax2-api-3.1.4.jar;C:\software\apache-maven-3.6.1\mvn_resp\org\springframework\cloud\spring-cloud-starter-netflix-archaius\1.4.0.RELEASE\spring-cloud-starter-netflix-archaius-1.4.0.RELEASE.jar;C:\software\apache-maven-3.6.1\mvn_resp\commons-configuration\commons-configuration\1.8\commons-configuration-1.8.jar;C:\software\apache-maven-3.6.1\mvn_resp\commons-lang\commons-lang\2.6\commons-lang-2.6.jar;C:\software\apache-maven-3.6.1\mvn_resp\com\google\guava\guava\18.0\guava-18.0.jar;C:\software\apache-maven-3.6.1\mvn_resp\org\springframework\cloud\spring-cloud-starter-netflix-ribbon\1.4.0.RELEASE\spring-cloud-starter-netflix-ribbon-1.4.0.RELEASE.jar;C:\software\apache-maven-3.6.1\mvn_resp\com\netflix\ribbon\ribbon\2.2.4\ribbon-2.2.4.jar;C:\software\apache-maven-3.6.1\mvn_resp\com\netflix\ribbon\ribbon-transport\2.2.4\ribbon-transport-2.2.4.jar;C:\software\apache-maven-3.6.1\mvn_resp\io\reactivex\rxnetty-contexts\0.4.9\rxnetty-contexts-0.4.9.jar;C:\software\apache-maven-3.6.1\mvn_resp\io\reactivex\rxnetty-servo\0.4.9\rxnetty-servo-0.4.9.jar;C:\software\apache-maven-3.6.1\mvn_resp\io\reactivex\rxnetty\0.4.9\rxnetty-0.4.9.jar;C:\software\apache-maven-3.6.1\mvn_resp\io\netty\netty-codec-http\4.0.27.Final\netty-codec-http-4.0.27.Final.jar;C:\software\apache-maven-3.6.1\mvn_resp\io\netty\netty-codec\4.0.27.Final\netty-codec-4.0.27.Final.jar;C:\software\apache-maven-3.6.1\mvn_resp\io\netty\netty-handler\4.0.27.Final\netty-handler-4.0.27.Final.jar;C:\software\apache-maven-3.6.1\mvn_resp\io\netty\netty-transport-native-epoll\4.0.27.Final\netty-transport-native-epoll-4.0.27.Final.jar;C:\software\apache-maven-3.6.1\mvn_resp\io\netty\netty-common\4.0.27.Final\netty-common-4.0.27.Final.jar;C:\software\apache-maven-3.6.1\mvn_resp\io\netty\netty-buffer\4.0.27.Final\netty-buffer-4.0.27.Final.jar;C:\software\apache-maven-3.6.1\mvn_resp\io\netty\netty-transport\4.0.27.Final\netty-transport-4.0.27.Final.jar;C:\software\apache-maven-3.6.1\mvn_resp\com\netflix\ribbon\ribbon-core\2.2.4\ribbon-core-2.2.4.jar;C:\software\apache-maven-3.6.1\mvn_resp\com\netflix\ribbon\ribbon-httpclient\2.2.4\ribbon-httpclient-2.2.4.jar;C:\software\apache-maven-3.6.1\mvn_resp\commons-collections\commons-collections\3.2.2\commons-collections-3.2.2.jar;C:\software\apache-maven-3.6.1\mvn_resp\com\netflix\ribbon\ribbon-loadbalancer\2.2.4\ribbon-loadbalancer-2.2.4.jar;C:\software\apache-maven-3.6.1\mvn_resp\com\netflix\netflix-commons\netflix-statistics\0.1.1\netflix-statistics-0.1.1.jar;C:\software\apache-maven-3.6.1\mvn_resp\io\reactivex\rxjava\1.2.0\rxjava-1.2.0.jar;C:\software\apache-maven-3.6.1\mvn_resp\com\netflix\ribbon\ribbon-eureka\2.2.4\ribbon-eureka-2.2.4.jar;C:\software\apache-maven-3.6.1\mvn_resp\org\slf4j\slf4j-api\1.7.25\slf4j-api-1.7.25.jar;C:\software\apache-maven-3.6.1\mvn_resp\com\thoughtworks\xstream\xstream\1.4.9\xstream-1.4.9.jar;C:\software\apache-maven-3.6.1\mvn_resp\xmlpull\xmlpull\1.1.3.1\xmlpull-1.1.3.1.jar;C:\software\apache-maven-3.6.1\mvn_resp\xpp3\xpp3_min\1.1.4c\xpp3_min-1.1.4c.jar;C:\software\apache-maven-3.6.1\mvn_resp\org\springframework\cloud\spring-cloud-starter-zuul\1.4.0.RELEASE\spring-cloud-starter-zuul-1.4.0.RELEASE.jar;C:\software\apache-maven-3.6.1\mvn_resp\org\springframework\cloud\spring-cloud-starter-netflix-zuul\1.4.0.RELEASE\spring-cloud-starter-netflix-zuul-1.4.0.RELEASE.jar;C:\software\apache-maven-3.6.1\mvn_resp\org\springframework\boot\spring-boot-starter-actuator\1.5.9.RELEASE\spring-boot-starter-actuator-1.5.9.RELEASE.jar;C:\software\apache-maven-3.6.1\mvn_resp\org\springframework\boot\spring-boot-actuator\1.5.9.RELEASE\spring-boot-actuator-1.5.9.RELEASE.jar;C:\software\apache-maven-3.6.1\mvn_resp\org\springframework\cloud\spring-cloud-starter-netflix-hystrix\1.4.0.RELEASE\spring-cloud-starter-netflix-hystrix-1.4.0.RELEASE.jar;C:\software\apache-maven-3.6.1\mvn_resp\com\netflix\hystrix\hystrix-core\1.5.12\hystrix-core-1.5.12.jar;C:\software\apache-maven-3.6.1\mvn_resp\org\hdrhistogram\HdrHistogram\2.1.9\HdrHistogram-2.1.9.jar;C:\software\apache-maven-3.6.1\mvn_resp\com\netflix\hystrix\hystrix-metrics-event-stream\1.5.12\hystrix-metrics-event-stream-1.5.12.jar;C:\software\apache-maven-3.6.1\mvn_resp\com\netflix\hystrix\hystrix-serialization\1.5.12\hystrix-serialization-1.5.12.jar;C:\software\apache-maven-3.6.1\mvn_resp\com\fasterxml\jackson\module\jackson-module-afterburner\2.8.10\jackson-module-afterburner-2.8.10.jar;C:\software\apache-maven-3.6.1\mvn_resp\com\netflix\hystrix\hystrix-javanica\1.5.12\hystrix-javanica-1.5.12.jar;C:\software\apache-maven-3.6.1\mvn_resp\org\apache\commons\commons-lang3\3.1\commons-lang3-3.1.jar;C:\software\apache-maven-3.6.1\mvn_resp\org\ow2\asm\asm\5.0.4\asm-5.0.4.jar;C:\software\apache-maven-3.6.1\mvn_resp\org\aspectj\aspectjweaver\1.8.13\aspectjweaver-1.8.13.jar;C:\software\apache-maven-3.6.1\mvn_resp\com\netflix\zuul\zuul-core\1.3.0\zuul-core-1.3.0.jar;C:\software\apache-maven-3.6.1\mvn_resp\commons-io\commons-io\2.4\commons-io-2.4.jar;C:\software\apache-maven-3.6.1\mvn_resp\com\netflix\netflix-commons\netflix-commons-util\0.1.1\netflix-commons-util-0.1.1.jar;"/>
    <property name="java.vm.vendor" value="Oracle Corporation"/>
    <property name="sun.arch.data.model" value="64"/>
    <property name="user.variant" value=""/>
    <property name="java.vendor.url" value="http://java.oracle.com/"/>
    <property name="user.timezone" value="GMT+08:00"/>
    <property name="java.vm.specification.version" value="1.8"/>
    <property name="os.name" value="Windows 10"/>
    <property name="user.country" value="CN"/>
    <property name="sun.java.launcher" value="SUN_STANDARD"/>
    <property name="sun.boot.library.path" value="C:\Program Files\Java\jdk1.8.0_101\jre\bin"/>
    <property name="sun.java.command" value="C:\Users\86136\AppData\Local\Temp\surefire6341437305335120661\surefirebooter8567310406290868763.jar C:\Users\86136\AppData\Local\Temp\surefire6341437305335120661 2023-03-15T13-44-05_010-jvmRun1 surefire5232709384196814946tmp surefire_0784519014276947086tmp"/>
    <property name="surefire.test.class.path" value="C:\Users\86136\IdeaProjects\eureka-service\zuul-client\target\test-classes;C:\Users\86136\IdeaProjects\eureka-service\zuul-client\target\classes;C:\software\apache-maven-3.6.1\mvn_resp\commons-logging\commons-logging\1.2\commons-logging-1.2.jar;C:\software\apache-maven-3.6.1\mvn_resp\junit\junit\4.11\junit-4.11.jar;C:\software\apache-maven-3.6.1\mvn_resp\org\hamcrest\hamcrest-core\1.3\hamcrest-core-1.3.jar;C:\software\apache-maven-3.6.1\mvn_resp\org\springframework\cloud\spring-cloud-starter-eureka\1.4.0.RELEASE\spring-cloud-starter-eureka-1.4.0.RELEASE.jar;C:\software\apache-maven-3.6.1\mvn_resp\org\springframework\cloud\spring-cloud-starter-netflix-eureka-client\1.4.0.RELEASE\spring-cloud-starter-netflix-eureka-client-1.4.0.RELEASE.jar;C:\software\apache-maven-3.6.1\mvn_resp\org\springframework\boot\spring-boot-starter-web\1.5.9.RELEASE\spring-boot-starter-web-1.5.9.RELEASE.jar;C:\software\apache-maven-3.6.1\mvn_resp\org\springframework\boot\spring-boot-starter\1.5.9.RELEASE\spring-boot-starter-1.5.9.RELEASE.jar;C:\software\apache-maven-3.6.1\mvn_resp\org\springframework\boot\spring-boot-starter-logging\1.5.9.RELEASE\spring-boot-starter-logging-1.5.9.RELEASE.jar;C:\software\apache-maven-3.6.1\mvn_resp\ch\qos\logback\logback-classic\1.1.11\logback-classic-1.1.11.jar;C:\software\apache-maven-3.6.1\mvn_resp\ch\qos\logback\logback-core\1.1.11\logback-core-1.1.11.jar;C:\software\apache-maven-3.6.1\mvn_resp\org\slf4j\jcl-over-slf4j\1.7.25\jcl-over-slf4j-1.7.25.jar;C:\software\apache-maven-3.6.1\mvn_resp\org\slf4j\jul-to-slf4j\1.7.25\jul-to-slf4j-1.7.25.jar;C:\software\apache-maven-3.6.1\mvn_resp\org\slf4j\log4j-over-slf4j\1.7.25\log4j-over-slf4j-1.7.25.jar;C:\software\apache-maven-3.6.1\mvn_resp\org\springframework\spring-core\4.3.13.RELEASE\spring-core-4.3.13.RELEASE.jar;C:\software\apache-maven-3.6.1\mvn_resp\org\yaml\snakeyaml\1.17\snakeyaml-1.17.jar;C:\software\apache-maven-3.6.1\mvn_resp\org\springframework\boot\spring-boot-starter-tomcat\1.5.9.RELEASE\spring-boot-starter-tomcat-1.5.9.RELEASE.jar;C:\software\apache-maven-3.6.1\mvn_resp\org\apache\tomcat\embed\tomcat-embed-core\8.5.23\tomcat-embed-core-8.5.23.jar;C:\software\apache-maven-3.6.1\mvn_resp\org\apache\tomcat\tomcat-annotations-api\8.5.23\tomcat-annotations-api-8.5.23.jar;C:\software\apache-maven-3.6.1\mvn_resp\org\apache\tomcat\embed\tomcat-embed-el\8.5.23\tomcat-embed-el-8.5.23.jar;C:\software\apache-maven-3.6.1\mvn_resp\org\apache\tomcat\embed\tomcat-embed-websocket\8.5.23\tomcat-embed-websocket-8.5.23.jar;C:\software\apache-maven-3.6.1\mvn_resp\org\hibernate\hibernate-validator\5.3.6.Final\hibernate-validator-5.3.6.Final.jar;C:\software\apache-maven-3.6.1\mvn_resp\javax\validation\validation-api\1.1.0.Final\validation-api-1.1.0.Final.jar;C:\software\apache-maven-3.6.1\mvn_resp\org\jboss\logging\jboss-logging\3.3.1.Final\jboss-logging-3.3.1.Final.jar;C:\software\apache-maven-3.6.1\mvn_resp\com\fasterxml\classmate\1.3.4\classmate-1.3.4.jar;C:\software\apache-maven-3.6.1\mvn_resp\com\fasterxml\jackson\core\jackson-databind\2.8.10\jackson-databind-2.8.10.jar;C:\software\apache-maven-3.6.1\mvn_resp\org\springframework\spring-web\4.3.13.RELEASE\spring-web-4.3.13.RELEASE.jar;C:\software\apache-maven-3.6.1\mvn_resp\org\springframework\spring-aop\4.3.13.RELEASE\spring-aop-4.3.13.RELEASE.jar;C:\software\apache-maven-3.6.1\mvn_resp\org\springframework\spring-beans\4.3.13.RELEASE\spring-beans-4.3.13.RELEASE.jar;C:\software\apache-maven-3.6.1\mvn_resp\org\springframework\spring-context\4.3.13.RELEASE\spring-context-4.3.13.RELEASE.jar;C:\software\apache-maven-3.6.1\mvn_resp\org\springframework\spring-webmvc\4.3.13.RELEASE\spring-webmvc-4.3.13.RELEASE.jar;C:\software\apache-maven-3.6.1\mvn_resp\org\springframework\spring-expression\4.3.13.RELEASE\spring-expression-4.3.13.RELEASE.jar;C:\software\apache-maven-3.6.1\mvn_resp\org\springframework\cloud\spring-cloud-starter\1.3.0.RELEASE\spring-cloud-starter-1.3.0.RELEASE.jar;C:\software\apache-maven-3.6.1\mvn_resp\org\springframework\cloud\spring-cloud-context\1.3.0.RELEASE\spring-cloud-context-1.3.0.RELEASE.jar;C:\software\apache-maven-3.6.1\mvn_resp\org\springframework\security\spring-security-crypto\4.2.3.RELEASE\spring-security-crypto-4.2.3.RELEASE.jar;C:\software\apache-maven-3.6.1\mvn_resp\org\springframework\cloud\spring-cloud-commons\1.3.0.RELEASE\spring-cloud-commons-1.3.0.RELEASE.jar;C:\software\apache-maven-3.6.1\mvn_resp\org\springframework\security\spring-security-rsa\1.0.3.RELEASE\spring-security-rsa-1.0.3.RELEASE.jar;C:\software\apache-maven-3.6.1\mvn_resp\org\bouncycastle\bcpkix-jdk15on\1.55\bcpkix-jdk15on-1.55.jar;C:\software\apache-maven-3.6.1\mvn_resp\org\bouncycastle\bcprov-jdk15on\1.55\bcprov-jdk15on-1.55.jar;C:\software\apache-maven-3.6.1\mvn_resp\org\springframework\cloud\spring-cloud-netflix-core\1.4.0.RELEASE\spring-cloud-netflix-core-1.4.0.RELEASE.jar;C:\software\apache-maven-3.6.1\mvn_resp\org\springframework\boot\spring-boot\1.5.9.RELEASE\spring-boot-1.5.9.RELEASE.jar;C:\software\apache-maven-3.6.1\mvn_resp\org\springframework\boot\spring-boot-autoconfigure\1.5.9.RELEASE\spring-boot-autoconfigure-1.5.9.RELEASE.jar;C:\software\apache-maven-3.6.1\mvn_resp\org\springframework\cloud\spring-cloud-netflix-eureka-client\1.4.0.RELEASE\spring-cloud-netflix-eureka-client-1.4.0.RELEASE.jar;C:\software\apache-maven-3.6.1\mvn_resp\com\netflix\eureka\eureka-client\1.7.0\eureka-client-1.7.0.jar;C:\software\apache-maven-3.6.1\mvn_resp\org\codehaus\jettison\jettison\1.3.7\jettison-1.3.7.jar;C:\software\apache-maven-3.6.1\mvn_resp\stax\stax-api\1.0.1\stax-api-1.0.1.jar;C:\software\apache-maven-3.6.1\mvn_resp\com\netflix\netflix-commons\netflix-eventbus\0.3.0\netflix-eventbus-0.3.0.jar;C:\software\apache-maven-3.6.1\mvn_resp\com\netflix\netflix-commons\netflix-infix\0.3.0\netflix-infix-0.3.0.jar;C:\software\apache-maven-3.6.1\mvn_resp\commons-jxpath\commons-jxpath\1.3\commons-jxpath-1.3.jar;C:\software\apache-maven-3.6.1\mvn_resp\joda-time\joda-time\2.9.9\joda-time-2.9.9.jar;C:\software\apache-maven-3.6.1\mvn_resp\org\antlr\antlr-runtime\3.4\antlr-runtime-3.4.jar;C:\software\apache-maven-3.6.1\mvn_resp\org\antlr\stringtemplate\3.2.1\stringtemplate-3.2.1.jar;C:\software\apache-maven-3.6.1\mvn_resp\antlr\antlr\2.7.7\antlr-2.7.7.jar;C:\software\apache-maven-3.6.1\mvn_resp\com\google\code\gson\gson\2.8.2\gson-2.8.2.jar;C:\software\apache-maven-3.6.1\mvn_resp\org\apache\commons\commons-math\2.2\commons-math-2.2.jar;C:\software\apache-maven-3.6.1\mvn_resp\com\netflix\archaius\archaius-core\0.7.4\archaius-core-0.7.4.jar;C:\software\apache-maven-3.6.1\mvn_resp\javax\ws\rs\jsr311-api\1.1.1\jsr311-api-1.1.1.jar;C:\software\apache-maven-3.6.1\mvn_resp\com\netflix\servo\servo-core\0.10.1\servo-core-0.10.1.jar;C:\software\apache-maven-3.6.1\mvn_resp\com\netflix\servo\servo-internal\0.10.1\servo-internal-0.10.1.jar;C:\software\apache-maven-3.6.1\mvn_resp\com\sun\jersey\jersey-core\1.19.1\jersey-core-1.19.1.jar;C:\software\apache-maven-3.6.1\mvn_resp\com\sun\jersey\jersey-client\1.19.1\jersey-client-1.19.1.jar;C:\software\apache-maven-3.6.1\mvn_resp\com\sun\jersey\contribs\jersey-apache-client4\1.19.1\jersey-apache-client4-1.19.1.jar;C:\software\apache-maven-3.6.1\mvn_resp\org\apache\httpcomponents\httpclient\4.5.3\httpclient-4.5.3.jar;C:\software\apache-maven-3.6.1\mvn_resp\org\apache\httpcomponents\httpcore\4.4.8\httpcore-4.4.8.jar;C:\software\apache-maven-3.6.1\mvn_resp\commons-codec\commons-codec\1.10\commons-codec-1.10.jar;C:\software\apache-maven-3.6.1\mvn_resp\com\google\inject\guice\4.1.0\guice-4.1.0.jar;C:\software\apache-maven-3.6.1\mvn_resp\javax\inject\javax.inject\1\javax.inject-1.jar;C:\software\apache-maven-3.6.1\mvn_resp\aopalliance\aopalliance\1.0\aopalliance-1.0.jar;C:\software\apache-maven-3.6.1\mvn_resp\com\fasterxml\jackson\core\jackson-annotations\2.8.0\jackson-annotations-2.8.0.jar;C:\software\apache-maven-3.6.1\mvn_resp\com\fasterxml\jackson\core\jackson-core\2.8.10\jackson-core-2.8.10.jar;C:\software\apache-maven-3.6.1\mvn_resp\com\netflix\eureka\eureka-core\1.7.0\eureka-core-1.7.0.jar;C:\software\apache-maven-3.6.1\mvn_resp\org\codehaus\woodstox\woodstox-core-asl\4.4.1\woodstox-core-asl-4.4.1.jar;C:\software\apache-maven-3.6.1\mvn_resp\javax\xml\stream\stax-api\1.0-2\stax-api-1.0-2.jar;C:\software\apache-maven-3.6.1\mvn_resp\org\codehaus\woodstox\stax2-api\3.1.4\stax2-api-3.1.4.jar;C:\software\apache-maven-3.6.1\mvn_resp\org\springframework\cloud\spring-cloud-starter-netflix-archaius\1.4.0.RELEASE\spring-cloud-starter-netflix-archaius-1.4.0.RELEASE.jar;C:\software\apache-maven-3.6.1\mvn_resp\commons-configuration\commons-configuration\1.8\commons-configuration-1.8.jar;C:\software\apache-maven-3.6.1\mvn_resp\commons-lang\commons-lang\2.6\commons-lang-2.6.jar;C:\software\apache-maven-3.6.1\mvn_resp\com\google\guava\guava\18.0\guava-18.0.jar;C:\software\apache-maven-3.6.1\mvn_resp\org\springframework\cloud\spring-cloud-starter-netflix-ribbon\1.4.0.RELEASE\spring-cloud-starter-netflix-ribbon-1.4.0.RELEASE.jar;C:\software\apache-maven-3.6.1\mvn_resp\com\netflix\ribbon\ribbon\2.2.4\ribbon-2.2.4.jar;C:\software\apache-maven-3.6.1\mvn_resp\com\netflix\ribbon\ribbon-transport\2.2.4\ribbon-transport-2.2.4.jar;C:\software\apache-maven-3.6.1\mvn_resp\io\reactivex\rxnetty-contexts\0.4.9\rxnetty-contexts-0.4.9.jar;C:\software\apache-maven-3.6.1\mvn_resp\io\reactivex\rxnetty-servo\0.4.9\rxnetty-servo-0.4.9.jar;C:\software\apache-maven-3.6.1\mvn_resp\io\reactivex\rxnetty\0.4.9\rxnetty-0.4.9.jar;C:\software\apache-maven-3.6.1\mvn_resp\io\netty\netty-codec-http\4.0.27.Final\netty-codec-http-4.0.27.Final.jar;C:\software\apache-maven-3.6.1\mvn_resp\io\netty\netty-codec\4.0.27.Final\netty-codec-4.0.27.Final.jar;C:\software\apache-maven-3.6.1\mvn_resp\io\netty\netty-handler\4.0.27.Final\netty-handler-4.0.27.Final.jar;C:\software\apache-maven-3.6.1\mvn_resp\io\netty\netty-transport-native-epoll\4.0.27.Final\netty-transport-native-epoll-4.0.27.Final.jar;C:\software\apache-maven-3.6.1\mvn_resp\io\netty\netty-common\4.0.27.Final\netty-common-4.0.27.Final.jar;C:\software\apache-maven-3.6.1\mvn_resp\io\netty\netty-buffer\4.0.27.Final\netty-buffer-4.0.27.Final.jar;C:\software\apache-maven-3.6.1\mvn_resp\io\netty\netty-transport\4.0.27.Final\netty-transport-4.0.27.Final.jar;C:\software\apache-maven-3.6.1\mvn_resp\com\netflix\ribbon\ribbon-core\2.2.4\ribbon-core-2.2.4.jar;C:\software\apache-maven-3.6.1\mvn_resp\com\netflix\ribbon\ribbon-httpclient\2.2.4\ribbon-httpclient-2.2.4.jar;C:\software\apache-maven-3.6.1\mvn_resp\commons-collections\commons-collections\3.2.2\commons-collections-3.2.2.jar;C:\software\apache-maven-3.6.1\mvn_resp\com\netflix\ribbon\ribbon-loadbalancer\2.2.4\ribbon-loadbalancer-2.2.4.jar;C:\software\apache-maven-3.6.1\mvn_resp\com\netflix\netflix-commons\netflix-statistics\0.1.1\netflix-statistics-0.1.1.jar;C:\software\apache-maven-3.6.1\mvn_resp\io\reactivex\rxjava\1.2.0\rxjava-1.2.0.jar;C:\software\apache-maven-3.6.1\mvn_resp\com\netflix\ribbon\ribbon-eureka\2.2.4\ribbon-eureka-2.2.4.jar;C:\software\apache-maven-3.6.1\mvn_resp\org\slf4j\slf4j-api\1.7.25\slf4j-api-1.7.25.jar;C:\software\apache-maven-3.6.1\mvn_resp\com\thoughtworks\xstream\xstream\1.4.9\xstream-1.4.9.jar;C:\software\apache-maven-3.6.1\mvn_resp\xmlpull\xmlpull\1.1.3.1\xmlpull-1.1.3.1.jar;C:\software\apache-maven-3.6.1\mvn_resp\xpp3\xpp3_min\1.1.4c\xpp3_min-1.1.4c.jar;C:\software\apache-maven-3.6.1\mvn_resp\org\springframework\cloud\spring-cloud-starter-zuul\1.4.0.RELEASE\spring-cloud-starter-zuul-1.4.0.RELEASE.jar;C:\software\apache-maven-3.6.1\mvn_resp\org\springframework\cloud\spring-cloud-starter-netflix-zuul\1.4.0.RELEASE\spring-cloud-starter-netflix-zuul-1.4.0.RELEASE.jar;C:\software\apache-maven-3.6.1\mvn_resp\org\springframework\boot\spring-boot-starter-actuator\1.5.9.RELEASE\spring-boot-starter-actuator-1.5.9.RELEASE.jar;C:\software\apache-maven-3.6.1\mvn_resp\org\springframework\boot\spring-boot-actuator\1.5.9.RELEASE\spring-boot-actuator-1.5.9.RELEASE.jar;C:\software\apache-maven-3.6.1\mvn_resp\org\springframework\cloud\spring-cloud-starter-netflix-hystrix\1.4.0.RELEASE\spring-cloud-starter-netflix-hystrix-1.4.0.RELEASE.jar;C:\software\apache-maven-3.6.1\mvn_resp\com\netflix\hystrix\hystrix-core\1.5.12\hystrix-core-1.5.12.jar;C:\software\apache-maven-3.6.1\mvn_resp\org\hdrhistogram\HdrHistogram\2.1.9\HdrHistogram-2.1.9.jar;C:\software\apache-maven-3.6.1\mvn_resp\com\netflix\hystrix\hystrix-metrics-event-stream\1.5.12\hystrix-metrics-event-stream-1.5.12.jar;C:\software\apache-maven-3.6.1\mvn_resp\com\netflix\hystrix\hystrix-serialization\1.5.12\hystrix-serialization-1.5.12.jar;C:\software\apache-maven-3.6.1\mvn_resp\com\fasterxml\jackson\module\jackson-module-afterburner\2.8.10\jackson-module-afterburner-2.8.10.jar;C:\software\apache-maven-3.6.1\mvn_resp\com\netflix\hystrix\hystrix-javanica\1.5.12\hystrix-javanica-1.5.12.jar;C:\software\apache-maven-3.6.1\mvn_resp\org\apache\commons\commons-lang3\3.1\commons-lang3-3.1.jar;C:\software\apache-maven-3.6.1\mvn_resp\org\ow2\asm\asm\5.0.4\asm-5.0.4.jar;C:\software\apache-maven-3.6.1\mvn_resp\org\aspectj\aspectjweaver\1.8.13\aspectjweaver-1.8.13.jar;C:\software\apache-maven-3.6.1\mvn_resp\com\netflix\zuul\zuul-core\1.3.0\zuul-core-1.3.0.jar;C:\software\apache-maven-3.6.1\mvn_resp\commons-io\commons-io\2.4\commons-io-2.4.jar;C:\software\apache-maven-3.6.1\mvn_resp\com\netflix\netflix-commons\netflix-commons-util\0.1.1\netflix-commons-util-0.1.1.jar;"/>
    <property name="sun.cpu.endian" value="little"/>
    <property name="user.home" value="C:\Users\86136"/>
    <property name="user.language" value="zh"/>
    <property name="java.specification.vendor" value="Oracle Corporation"/>
    <property name="java.home" value="C:\Program Files\Java\jdk1.8.0_101\jre"/>
    <property name="basedir" value="C:\Users\86136\IdeaProjects\eureka-service\zuul-client"/>
    <property name="file.separator" value="\"/>
    <property name="line.separator" value="&#10;"/>
    <property name="java.vm.specification.vendor" value="Oracle Corporation"/>
    <property name="java.specification.name" value="Java Platform API Specification"/>
    <property name="java.awt.graphicsenv" value="sun.awt.Win32GraphicsEnvironment"/>
    <property name="surefire.real.class.path" value="C:\Users\86136\AppData\Local\Temp\surefire6341437305335120661\surefirebooter8567310406290868763.jar"/>
    <property name="sun.boot.class.path" value="C:\Program Files\Java\jdk1.8.0_101\jre\lib\resources.jar;C:\Program Files\Java\jdk1.8.0_101\jre\lib\rt.jar;C:\Program Files\Java\jdk1.8.0_101\jre\lib\sunrsasign.jar;C:\Program Files\Java\jdk1.8.0_101\jre\lib\jsse.jar;C:\Program Files\Java\jdk1.8.0_101\jre\lib\jce.jar;C:\Program Files\Java\jdk1.8.0_101\jre\lib\charsets.jar;C:\Program Files\Java\jdk1.8.0_101\jre\lib\jfr.jar;C:\Program Files\Java\jdk1.8.0_101\jre\classes"/>
    <property name="user.script" value=""/>
    <property name="sun.management.compiler" value="HotSpot 64-Bit Tiered Compilers"/>
    <property name="java.runtime.version" value="1.8.0_101-b13"/>
    <property name="user.name" value="86136"/>
    <property name="path.separator" value=";"/>
    <property name="os.version" value="10.0"/>
    <property name="java.endorsed.dirs" value="C:\Program Files\Java\jdk1.8.0_101\jre\lib\endorsed"/>
    <property name="java.runtime.name" value="Java(TM) SE Runtime Environment"/>
    <property name="file.encoding" value="GBK"/>
    <property name="java.vm.name" value="Java HotSpot(TM) 64-Bit Server VM"/>
    <property name="localRepository" value="C:\software\apache-maven-3.6.1\mvn_resp"/>
    <property name="java.vendor.url.bug" value="http://bugreport.sun.com/bugreport/"/>
    <property name="java.io.tmpdir" value="C:\Users\86136\AppData\Local\Temp\"/>
    <property name="idea.version" value="2020.3.4"/>
    <property name="java.version" value="1.8.0_101"/>
    <property name="user.dir" value="C:\Users\86136\IdeaProjects\eureka-service\zuul-client"/>
    <property name="os.arch" value="amd64"/>
    <property name="java.vm.specification.name" value="Java Virtual Machine Specification"/>
    <property name="java.awt.printerjob" value="sun.awt.windows.WPrinterJob"/>
    <property name="sun.os.patch.level" value=""/>
    <property name="java.library.path" value="C:\Program Files\Java\jdk1.8.0_101\jre\bin;C:\WINDOWS\Sun\Java\bin;C:\WINDOWS\system32;C:\WINDOWS;C:\Program Files (x86)\VMware\VMware Workstation\bin\;C:\Program Files\PlasticSCM5\server;C:\Program Files\PlasticSCM5\client;C:\software\apache-maven-3.6.1\bin;C:\Program Files\Java\jdk1.8.0_101\bin;C:\ProgramData\Oracle\Java\javapath;C:\Program Files\Common Files\Oracle\Java\javapath;C:\windows\system32;C:\windows;C:\windows\System32\Wbem;C:\windows\System32\WindowsPowerShell\v1.0\;C:\windows\System32\OpenSSH\;C:\Program Files (x86)\NVIDIA Corporation\PhysX\Common;C:\Program Files\NVIDIA Corporation\NVIDIA NvDLISR;C:\WINDOWS\system32;C:\WINDOWS;C:\WINDOWS\System32\Wbem;C:\WINDOWS\System32\WindowsPowerShell\v1.0\;C:\WINDOWS\System32\OpenSSH\;C:\Program Files (x86)\Tencent\微信web开发者工具\dll;C:\Users\86136\AppData\Local\Microsoft\WindowsApps;C:\AppServ\Apache24\bin;C:\AppServ\php5;C:\AppServ\MySQL\bin;."/>
    <property name="java.vm.info" value="mixed mode"/>
    <property name="java.vendor" value="Oracle Corporation"/>
    <property name="java.vm.version" value="25.101-b13"/>
    <property name="java.ext.dirs" value="C:\Program Files\Java\jdk1.8.0_101\jre\lib\ext;C:\WINDOWS\Sun\Java\lib\ext"/>
    <property name="sun.io.unicode.encoding" value="UnicodeLittle"/>
    <property name="java.class.version" value="52.0"/>
  </properties>
  <testcase name="shouldAnswerWithTrue" classname="cn.edu.scnu.AppTest" time="0.002"/>
</testsuite>